<?xml version="1.0" encoding="UTF-8"?>
<!-- Generated by org.testng.reporters.JUnitReportReporter -->
<testsuite hostname="Admin" failures="0" tests="1" name="testngpgms.Confirmatn_alert" time="58.203" errors="0" timestamp="2023-03-04T20:10:07 IST" skipped="0">
  <testcase classname="testngpgms.Confirmatn_alert" name="test" time="58.203"/>
  <system-out/>
</testsuite> <!-- testngpgms.Confirmatn_alert -->
