<?xml version="1.0" encoding="UTF-8"?>
<!-- Generated by org.testng.reporters.JUnitReportReporter -->
<testsuite hostname="Admin" failures="0" tests="1" name="tests.Fblogintest" time="0.239" errors="0" timestamp="2023-03-14T16:33:28 IST" skipped="0">
  <testcase classname="tests.Fblogintest" name="test1" time="0.239"/>
  <system-out/>
</testsuite> <!-- tests.Fblogintest -->
