<?xml version="1.0" encoding="UTF-8"?>
<!-- Generated by org.testng.reporters.JUnitReportReporter -->
<testsuite hostname="Admin" failures="0" tests="1" name="practice_myself.Title_webpage" time="0.800" errors="0" timestamp="2023-04-21T00:49:18 IST" skipped="0">
  <testcase classname="practice_myself.Title_webpage" name="test1" time="0.800"/>
  <system-out/>
</testsuite> <!-- practice_myself.Title_webpage -->
