<?xml version="1.0" encoding="UTF-8"?>
<!-- Generated by org.testng.reporters.JUnitReportReporter -->
<testsuite hostname="Admin" failures="0" tests="1" name="testngpgms.Windowhandle" time="5.495" errors="0" timestamp="2023-03-22T12:24:16 IST" skipped="0">
  <testcase classname="testngpgms.Windowhandle" name="test1" time="5.495"/>
  <system-out/>
</testsuite> <!-- testngpgms.Windowhandle -->
