<?xml version="1.0" encoding="UTF-8"?>
<!-- Generated by org.testng.reporters.JUnitReportReporter -->
<testsuite hostname="Admin" failures="0" tests="1" name="practice_myself.Screenshot_practice_2" time="29.195" errors="0" timestamp="2023-04-05T19:32:21 IST" skipped="0">
  <testcase classname="practice_myself.Screenshot_practice_2" name="tes1" time="29.195"/>
  <system-out/>
</testsuite> <!-- practice_myself.Screenshot_practice_2 -->
