<?xml version="1.0" encoding="UTF-8"?>
<!-- Generated by org.testng.reporters.JUnitReportReporter -->
<testsuite hostname="Admin" failures="0" tests="1" name="testngpgms.Testrightclickdouble" time="18.951" errors="0" timestamp="2023-03-03T08:33:00 IST" skipped="0">
  <testcase classname="testngpgms.Testrightclickdouble" name="test1" time="18.951"/>
  <system-out/>
</testsuite> <!-- testngpgms.Testrightclickdouble -->
