<?xml version="1.0" encoding="UTF-8"?>
<!-- Generated by org.testng.reporters.JUnitReportReporter -->
<testsuite hostname="Admin" failures="0" tests="1" name="tests.Createpage_test" time="10.537" errors="0" timestamp="2023-03-14T16:33:28 IST" skipped="0">
  <testcase classname="tests.Createpage_test" name="test1" time="10.537"/>
  <system-out/>
</testsuite> <!-- tests.Createpage_test -->
