<?xml version="1.0" encoding="UTF-8"?>
<!-- Generated by org.testng.reporters.JUnitReportReporter -->
<testsuite hostname="Admin" failures="0" tests="1" name="testngpgms.Simplealert" time="32.611" errors="0" timestamp="2023-03-03T22:47:40 IST" skipped="0">
  <testcase classname="testngpgms.Simplealert" name="test1" time="32.611"/>
  <system-out/>
</testsuite> <!-- testngpgms.Simplealert -->
