<?xml version="1.0" encoding="UTF-8"?>
<!-- Generated by org.testng.reporters.JUnitReportReporter -->
<testsuite hostname="Admin" failures="0" tests="1" name="practice_myself.Webaplyzer" time="14.237" errors="0" timestamp="2023-05-18T13:17:05 IST" skipped="0">
  <testcase classname="practice_myself.Webaplyzer" name="test1" time="14.237"/>
  <system-out/>
</testsuite> <!-- practice_myself.Webaplyzer -->
