<?xml version="1.0" encoding="UTF-8"?>
<!-- Generated by org.testng.reporters.JUnitReportReporter -->
<testsuite hostname="Admin" failures="0" tests="1" name="practice_myself.Screenshot_webelement1" time="0.404" errors="0" timestamp="2023-04-06T22:43:31 IST" skipped="0">
  <testcase classname="practice_myself.Screenshot_webelement1" name="test1" time="0.404"/>
  <system-out/>
</testsuite> <!-- practice_myself.Screenshot_webelement1 -->
