<?xml version="1.0" encoding="UTF-8"?>
<!-- Generated by org.testng.reporters.JUnitReportReporter -->
<testsuite hostname="Admin" failures="0" tests="1" name="testngpgms.Parameterisationpgm" time="53.573" errors="0" timestamp="2023-02-26T19:56:38 IST" skipped="0">
  <testcase classname="testngpgms.Parameterisationpgm" name="test1" time="53.573"/>
  <system-out/>
</testsuite> <!-- testngpgms.Parameterisationpgm -->
