<?xml version="1.0" encoding="UTF-8"?>
<!-- Generated by org.testng.reporters.JUnitReportReporter -->
<testsuite hostname="Admin" failures="0" tests="1" name="practice_myself.Datepick_4_redbus" time="0.845" errors="0" timestamp="2023-04-14T12:20:56 IST" skipped="0">
  <testcase classname="practice_myself.Datepick_4_redbus" name="test1" time="0.845"/>
  <system-out/>
</testsuite> <!-- practice_myself.Datepick_4_redbus -->
