<?xml version="1.0" encoding="UTF-8"?>
<!-- Generated by org.testng.reporters.JUnitReportReporter -->
<testsuite hostname="Admin" failures="0" tests="1" name="practice_myself.Datepicker1_redbus" time="1.052" errors="0" timestamp="2023-04-13T21:45:00 IST" skipped="0">
  <testcase classname="practice_myself.Datepicker1_redbus" name="test1" time="1.052"/>
  <system-out/>
</testsuite> <!-- practice_myself.Datepicker1_redbus -->
