<?xml version="1.0" encoding="UTF-8"?>
<!-- Generated by org.testng.reporters.JUnitReportReporter -->
<testsuite hostname="Admin" failures="0" tests="1" name="testngpgms.Mouse_double" time="1.606" errors="0" timestamp="2023-03-01T19:41:23 IST" skipped="0">
  <testcase classname="testngpgms.Mouse_double" name="test1" time="1.606"/>
  <system-out/>
</testsuite> <!-- testngpgms.Mouse_double -->
