<?xml version="1.0" encoding="UTF-8"?>
<!-- Generated by org.testng.reporters.JUnitReportReporter -->
<testsuite hostname="Admin" failures="0" tests="1" name="practice_myself.Screenshot_element" time="0.573" errors="0" timestamp="2023-03-23T10:52:16 IST" skipped="0">
  <testcase classname="practice_myself.Screenshot_element" name="test1" time="0.573"/>
  <system-out/>
</testsuite> <!-- practice_myself.Screenshot_element -->
