<?xml version="1.0" encoding="UTF-8"?>
<!-- Generated by org.testng.reporters.JUnitReportReporter -->
<testsuite hostname="Admin" failures="0" tests="1" name="practice_myself.File_upload_robot" time="4.162" errors="0" timestamp="2023-04-21T08:22:16 IST" skipped="0">
  <testcase classname="practice_myself.File_upload_robot" name="test1" time="4.162"/>
  <system-out/>
</testsuite> <!-- practice_myself.File_upload_robot -->
