<?xml version="1.0" encoding="UTF-8"?>
<!-- Generated by org.testng.reporters.JUnitReportReporter -->
<testsuite hostname="Admin" failures="0" tests="1" name="practice_myself.Screenshot_amazonelement" time="0.115" errors="0" timestamp="2023-04-06T23:27:28 IST" skipped="0">
  <testcase classname="practice_myself.Screenshot_amazonelement" name="test" time="0.115"/>
  <system-out/>
</testsuite> <!-- practice_myself.Screenshot_amazonelement -->
