<?xml version="1.0" encoding="UTF-8"?>
<!-- Generated by org.testng.reporters.JUnitReportReporter -->
<testsuite hostname="Admin" failures="0" tests="1" name="testngpgms.Demoqadrag_drop" time="25.865" errors="0" timestamp="2023-02-27T22:40:38 IST" skipped="0">
  <testcase classname="testngpgms.Demoqadrag_drop" name="test1" time="25.865"/>
  <system-out/>
</testsuite> <!-- testngpgms.Demoqadrag_drop -->
