<?xml version="1.0" encoding="UTF-8"?>
<!-- Generated by org.testng.reporters.JUnitReportReporter -->
<testsuite hostname="Admin" failures="0" tests="1" name="testngpgms.Parameter1" time="0.012" errors="0" timestamp="2023-03-03T11:35:09 IST" skipped="0">
  <testcase classname="testngpgms.Parameter1" name="test1" time="0.012"/>
  <system-out/>
</testsuite> <!-- testngpgms.Parameter1 -->
