<?xml version="1.0" encoding="UTF-8"?>
<!-- Generated by org.testng.reporters.JUnitReportReporter -->
<testsuite hostname="Admin" failures="0" tests="5" name="testngpgms.Testngdemo" time="11.370" errors="0" timestamp="2023-02-24T19:50:07 IST" skipped="0">
  <testcase classname="testngpgms.Testngdemo" name="test1" time="1.434"/>
  <system-out/>
  <testcase classname="testngpgms.Testngdemo" name="test1" time="0.945"/>
  <system-out/>
  <testcase classname="testngpgms.Testngdemo" name="test1" time="0.823"/>
  <system-out/>
  <testcase classname="testngpgms.Testngdemo" name="test3" time="0.955"/>
  <system-out/>
  <testcase classname="testngpgms.Testngdemo" name="test2" time="7.213"/>
  <system-out/>
</testsuite> <!-- testngpgms.Testngdemo -->
