<?xml version="1.0" encoding="UTF-8"?>
<!-- Generated by org.testng.reporters.JUnitReportReporter -->
<testsuite hostname="Admin" failures="0" tests="1" name="testngpgms.Makemytrip_datepick" time="1.951" errors="0" timestamp="2023-03-08T20:42:33 IST" skipped="0">
  <testcase classname="testngpgms.Makemytrip_datepick" name="test1" time="1.951"/>
  <system-out/>
</testsuite> <!-- testngpgms.Makemytrip_datepick -->
