<?xml version="1.0" encoding="UTF-8"?>
<!-- Generated by org.testng.reporters.JUnitReportReporter -->
<testsuite hostname="Admin" failures="0" tests="1" name="practice_myself.Dropdown_1" time="3.286" errors="0" timestamp="2023-04-21T02:49:38 IST" skipped="0">
  <testcase classname="practice_myself.Dropdown_1" name="test1" time="3.286"/>
  <system-out/>
</testsuite> <!-- practice_myself.Dropdown_1 -->
