<?xml version="1.0" encoding="UTF-8"?>
<!-- Generated by org.testng.reporters.JUnitReportReporter -->
<testsuite hostname="Admin" failures="0" tests="1" name="testngpgms.Datadriven" time="18.994" errors="0" timestamp="2023-03-06T12:21:05 IST" skipped="0">
  <testcase classname="testngpgms.Datadriven" name="test1" time="18.994"/>
  <system-out/>
</testsuite> <!-- testngpgms.Datadriven -->
