<?xml version="1.0" encoding="UTF-8"?>
<!-- Generated by org.testng.reporters.JUnitReportReporter -->
<testsuite hostname="Admin" failures="0" tests="4" name="testngpgms.Test_ng_groping" time="0.017" errors="0" timestamp="2023-02-25T11:24:41 IST" skipped="0">
  <testcase classname="testngpgms.Test_ng_groping" name="Test4" time="0.002"/>
  <system-out/>
  <testcase classname="testngpgms.Test_ng_groping" name="Test3" time="0.002"/>
  <system-out/>
  <testcase classname="testngpgms.Test_ng_groping" name="Test2" time="0.012"/>
  <system-out/>
  <testcase classname="testngpgms.Test_ng_groping" name="test1" time="0.001"/>
  <system-out/>
</testsuite> <!-- testngpgms.Test_ng_groping -->
