<?xml version="1.0" encoding="UTF-8"?>
<!-- Generated by org.testng.reporters.JUnitReportReporter -->
<testsuite hostname="Admin" failures="0" tests="1" name="testpackagedatadriven.Fblogintest1" time="0.008" errors="0" timestamp="2023-03-22T22:30:18 IST" skipped="0">
  <testcase classname="testpackagedatadriven.Fblogintest1" name="verifylogin" time="0.008"/>
  <system-out/>
</testsuite> <!-- testpackagedatadriven.Fblogintest1 -->
