<?xml version="1.0" encoding="UTF-8"?>
<!-- Generated by org.testng.reporters.JUnitReportReporter -->
<testsuite hostname="Admin" failures="0" tests="1" name="testngpgms.Fileupload" time="17.340" errors="0" timestamp="2023-03-03T13:31:49 IST" skipped="0">
  <testcase classname="testngpgms.Fileupload" name="test1" time="17.340"/>
  <system-out/>
</testsuite> <!-- testngpgms.Fileupload -->
