<?xml version="1.0" encoding="UTF-8"?>
<!-- Generated by org.testng.reporters.JUnitReportReporter -->
<testsuite hostname="Admin" failures="0" tests="1" name="practice_myself.Brokenlink_1" time="36.535" errors="0" timestamp="2023-04-12T16:36:57 IST" skipped="0">
  <testcase classname="practice_myself.Brokenlink_1" name="test1" time="36.535"/>
  <system-out/>
</testsuite> <!-- practice_myself.Brokenlink_1 -->
