<?xml version="1.0" encoding="UTF-8"?>
<!-- Generated by org.testng.reporters.JUnitReportReporter -->
<testsuite hostname="Admin" failures="0" tests="2" name="testngpgms.Redifftestradio" time="0.160" errors="0" timestamp="2023-02-27T11:43:29 IST" skipped="0">
  <testcase classname="testngpgms.Redifftestradio" name="test2" time="0.126"/>
  <system-out/>
  <testcase classname="testngpgms.Redifftestradio" name="test1" time="0.034"/>
  <system-out/>
</testsuite> <!-- testngpgms.Redifftestradio -->
