<?xml version="1.0" encoding="UTF-8"?>
<!-- Generated by org.testng.reporters.JUnitReportReporter -->
<testsuite hostname="Admin" failures="0" tests="1" name="practice_myself.Linkcount1" time="0.262" errors="0" timestamp="2023-03-23T10:57:32 IST" skipped="0">
  <testcase classname="practice_myself.Linkcount1" name="tes1" time="0.262"/>
  <system-out/>
</testsuite> <!-- practice_myself.Linkcount1 -->
