<?xml version="1.0" encoding="UTF-8"?>
<!-- Generated by org.testng.reporters.JUnitReportReporter -->
<testsuite hostname="Admin" failures="0" tests="2" name="testngpgms.Crossbrowsertest" time="79.077" errors="0" timestamp="2023-03-03T12:10:13 IST" skipped="0">
  <testcase classname="testngpgms.Crossbrowsertest" name="test" time="24.517"/>
  <system-out/>
  <testcase classname="testngpgms.Crossbrowsertest" name="test" time="54.560"/>
  <system-out/>
</testsuite> <!-- testngpgms.Crossbrowsertest -->
