<?xml version="1.0" encoding="UTF-8"?>
<!-- Generated by org.testng.reporters.JUnitReportReporter -->
<testsuite hostname="Admin" failures="0" tests="1" name="testngpgms.Copypaste" time="7.846" errors="0" timestamp="2023-02-27T12:08:24 IST" skipped="0">
  <testcase classname="testngpgms.Copypaste" name="test1" time="7.846"/>
  <system-out/>
</testsuite> <!-- testngpgms.Copypaste -->
