<?xml version="1.0" encoding="UTF-8"?>
<!-- Generated by org.testng.reporters.JUnitReportReporter -->
<testsuite hostname="Admin" failures="0" tests="1" name="testngpgms.Datepick_pgm" time="3.724" errors="0" timestamp="2023-03-09T14:22:41 IST" skipped="0">
  <testcase classname="testngpgms.Datepick_pgm" name="test1" time="3.724"/>
  <system-out/>
</testsuite> <!-- testngpgms.Datepick_pgm -->
