<?xml version="1.0" encoding="UTF-8"?>
<!-- Generated by org.testng.reporters.JUnitReportReporter -->
<testsuite hostname="Admin" failures="0" tests="1" name="testngpgms.Confirmation_dismiss_alert" time="11.371" errors="0" timestamp="2023-03-08T20:11:35 IST" skipped="0">
  <testcase classname="testngpgms.Confirmation_dismiss_alert" name="test" time="11.371"/>
  <system-out/>
</testsuite> <!-- testngpgms.Confirmation_dismiss_alert -->
