<?xml version="1.0" encoding="UTF-8"?>
<!-- Generated by org.testng.reporters.JUnitReportReporter -->
<testsuite hostname="Admin" failures="0" tests="1" name="practice_myself.Screenshot1" time="0.536" errors="0" timestamp="2023-03-23T10:42:34 IST" skipped="0">
  <testcase classname="practice_myself.Screenshot1" name="screenshot" time="0.536"/>
  <system-out/>
</testsuite> <!-- practice_myself.Screenshot1 -->
