<?xml version="1.0" encoding="UTF-8"?>
<!-- Generated by org.testng.reporters.JUnitReportReporter -->
<testsuite hostname="Admin" failures="0" tests="1" name="testngpgms.Ebaymouse_hover" time="88.201" errors="0" timestamp="2023-03-02T11:37:14 IST" skipped="0">
  <testcase classname="testngpgms.Ebaymouse_hover" name="test" time="88.201"/>
  <system-out/>
</testsuite> <!-- testngpgms.Ebaymouse_hover -->
