<?xml version="1.0" encoding="UTF-8"?>
<!-- Generated by org.testng.reporters.JUnitReportReporter -->
<testsuite hostname="Admin" failures="0" tests="1" name="practice_myself.Datepicker_redbus2" time="0.531" errors="0" timestamp="2023-04-13T23:12:00 IST" skipped="0">
  <testcase classname="practice_myself.Datepicker_redbus2" name="test1" time="0.531"/>
  <system-out/>
</testsuite> <!-- practice_myself.Datepicker_redbus2 -->
